<?xml version="1.0" encoding="UTF-8"?>
<!-- Generated by org.testng.reporters.JUnitXMLReporter -->
<testsuite ignored="0" hostname="SL1-L0016" failures="0" tests="7" name="Default test" time="0.088" errors="0" timestamp="2021-10-25T20:40:32 IST">
  <testcase classname="Challanges.DataProv" name="Test" time="0.007"/>
  <testcase classname="Challanges.DataProv" name="Test" time="0.002"/>
  <testcase classname="Challanges.DataProv" name="Test" time="0.003"/>
  <testcase classname="Challanges.DataProv" name="Test" time="0.001"/>
  <testcase classname="Challanges.DataProv" name="Test1" time="0.005"/>
  <testcase classname="Challanges.DataProv" name="Test1" time="0.002"/>
  <testcase classname="Challanges.DataProv" name="Test1" time="0.001"/>
</testsuite> <!-- Default test -->
