<?xml version="1.0" encoding="UTF-8"?>
<testng-results ignored="0" total="7" passed="7" failed="0" skipped="0">
  <reporter-output>
  </reporter-output>
  <suite started-at="2021-10-25T20:40:32 IST" name="Default suite" finished-at="2021-10-25T20:40:32 IST" duration-ms="88">
    <groups>
    </groups>
    <test started-at="2021-10-25T20:40:32 IST" name="Default test" finished-at="2021-10-25T20:40:32 IST" duration-ms="88">
      <class name="Challanges.DataProv">
        <test-method signature="Test(java.lang.String,java.lang.String)[pri:0, instance:Challanges.DataProv@2cd2a21f]" started-at="2021-10-25T20:40:32 IST" name="Test" data-provider="DataSet" finished-at="2021-10-25T20:40:32 IST" duration-ms="7" status="PASS">
          <params>
            <param index="0">
              <value>
                <![CDATA[user1]]>
              </value>
            </param>
            <param index="1">
              <value>
                <![CDATA[pass1]]>
              </value>
            </param>
          </params>
          <reporter-output>
          </reporter-output>
        </test-method> <!-- Test -->
        <test-method signature="Test(java.lang.String,java.lang.String)[pri:0, instance:Challanges.DataProv@2cd2a21f]" started-at="2021-10-25T20:40:32 IST" name="Test" data-provider="DataSet" finished-at="2021-10-25T20:40:32 IST" duration-ms="2" status="PASS">
          <params>
            <param index="0">
              <value>
                <![CDATA[user2]]>
              </value>
            </param>
            <param index="1">
              <value>
                <![CDATA[pass2]]>
              </value>
            </param>
          </params>
          <reporter-output>
          </reporter-output>
        </test-method> <!-- Test -->
        <test-method signature="Test(java.lang.String,java.lang.String)[pri:0, instance:Challanges.DataProv@2cd2a21f]" started-at="2021-10-25T20:40:32 IST" name="Test" data-provider="DataSet" finished-at="2021-10-25T20:40:32 IST" duration-ms="3" status="PASS">
          <params>
            <param index="0">
              <value>
                <![CDATA[user3]]>
              </value>
            </param>
            <param index="1">
              <value>
                <![CDATA[pass3]]>
              </value>
            </param>
          </params>
          <reporter-output>
          </reporter-output>
        </test-method> <!-- Test -->
        <test-method signature="Test(java.lang.String,java.lang.String)[pri:0, instance:Challanges.DataProv@2cd2a21f]" started-at="2021-10-25T20:40:32 IST" name="Test" data-provider="DataSet" finished-at="2021-10-25T20:40:32 IST" duration-ms="1" status="PASS">
          <params>
            <param index="0">
              <value>
                <![CDATA[user4]]>
              </value>
            </param>
            <param index="1">
              <value>
                <![CDATA[pass4]]>
              </value>
            </param>
          </params>
          <reporter-output>
          </reporter-output>
        </test-method> <!-- Test -->
        <test-method signature="Test1(java.lang.String,java.lang.String)[pri:0, instance:Challanges.DataProv@2cd2a21f]" started-at="2021-10-25T20:40:32 IST" name="Test1" data-provider="fromName" finished-at="2021-10-25T20:40:32 IST" duration-ms="5" status="PASS">
          <params>
            <param index="0">
              <value>
                <![CDATA[username]]>
              </value>
            </param>
            <param index="1">
              <value>
                <![CDATA[password]]>
              </value>
            </param>
          </params>
          <reporter-output>
          </reporter-output>
        </test-method> <!-- Test1 -->
        <test-method signature="Test1(java.lang.String,java.lang.String)[pri:0, instance:Challanges.DataProv@2cd2a21f]" started-at="2021-10-25T20:40:32 IST" name="Test1" data-provider="fromName" finished-at="2021-10-25T20:40:32 IST" duration-ms="2" status="PASS">
          <params>
            <param index="0">
              <value>
                <![CDATA[username1]]>
              </value>
            </param>
            <param index="1">
              <value>
                <![CDATA[password1]]>
              </value>
            </param>
          </params>
          <reporter-output>
          </reporter-output>
        </test-method> <!-- Test1 -->
        <test-method signature="Test1(java.lang.String,java.lang.String)[pri:0, instance:Challanges.DataProv@2cd2a21f]" started-at="2021-10-25T20:40:32 IST" name="Test1" data-provider="fromName" finished-at="2021-10-25T20:40:32 IST" duration-ms="1" status="PASS">
          <params>
            <param index="0">
              <value>
                <![CDATA[username2]]>
              </value>
            </param>
            <param index="1">
              <value>
                <![CDATA[password2]]>
              </value>
            </param>
          </params>
          <reporter-output>
          </reporter-output>
        </test-method> <!-- Test1 -->
      </class> <!-- Challanges.DataProv -->
    </test> <!-- Default test -->
  </suite> <!-- Default suite -->
</testng-results>
